C:\USERS\YRGHIAGURU\DESKTOP\NETWORK\NETWORK\CLIENT\CLIENTPROCESSASS2\DEBUG\CLIENT.OBJ
C:\USERS\YRGHIAGURU\DESKTOP\NETWORK\NETWORK\CLIENT\CLIENTPROCESSASS2\DEBUG\CLIENTAPP.OBJ
C:\USERS\YRGHIAGURU\DESKTOP\NETWORK\NETWORK\CLIENT\CLIENTPROCESSASS2\DEBUG\VC110.PDB
C:\USERS\YRGHIAGURU\DESKTOP\NETWORK\NETWORK\CLIENT\DEBUG\CLIENTSIDE.ILK
C:\USERS\YRGHIAGURU\DESKTOP\NETWORK\NETWORK\CLIENT\DEBUG\CLIENTSIDE.EXE
C:\USERS\YRGHIAGURU\DESKTOP\NETWORK\NETWORK\CLIENT\DEBUG\CLIENTSIDE.PDB
C:\Users\YrghiaGuru\Desktop\network\network\Client\ClientProcessAss2\Debug\Client.obj
C:\Users\YrghiaGuru\Desktop\network\network\Client\ClientProcessAss2\Debug\ClientApp.obj
C:\Users\YrghiaGuru\Desktop\network\network\Client\ClientProcessAss2\Debug\cl.command.1.tlog
C:\Users\YrghiaGuru\Desktop\network\network\Client\ClientProcessAss2\Debug\CL.read.1.tlog
C:\Users\YrghiaGuru\Desktop\network\network\Client\ClientProcessAss2\Debug\CL.write.1.tlog
C:\Users\YrghiaGuru\Desktop\network\network\Client\ClientProcessAss2\Debug\link-cvtres.read.1.tlog
C:\Users\YrghiaGuru\Desktop\network\network\Client\ClientProcessAss2\Debug\link-cvtres.write.1.tlog
C:\Users\YrghiaGuru\Desktop\network\network\Client\ClientProcessAss2\Debug\link-rc.read.1.tlog
C:\Users\YrghiaGuru\Desktop\network\network\Client\ClientProcessAss2\Debug\link-rc.write.1.tlog
C:\Users\YrghiaGuru\Desktop\network\network\Client\ClientProcessAss2\Debug\link.6572-cvtres.read.1.tlog
C:\Users\YrghiaGuru\Desktop\network\network\Client\ClientProcessAss2\Debug\link.6572-cvtres.write.1.tlog
C:\Users\YrghiaGuru\Desktop\network\network\Client\ClientProcessAss2\Debug\link.6572-rc.read.1.tlog
C:\Users\YrghiaGuru\Desktop\network\network\Client\ClientProcessAss2\Debug\link.6572-rc.write.1.tlog
C:\Users\YrghiaGuru\Desktop\network\network\Client\ClientProcessAss2\Debug\link.6572.read.1.tlog
C:\Users\YrghiaGuru\Desktop\network\network\Client\ClientProcessAss2\Debug\link.6572.write.1.tlog
C:\Users\YrghiaGuru\Desktop\network\network\Client\ClientProcessAss2\Debug\link.7620-cvtres.read.1.tlog
C:\Users\YrghiaGuru\Desktop\network\network\Client\ClientProcessAss2\Debug\link.7620-cvtres.write.1.tlog
C:\Users\YrghiaGuru\Desktop\network\network\Client\ClientProcessAss2\Debug\link.7620-rc.read.1.tlog
C:\Users\YrghiaGuru\Desktop\network\network\Client\ClientProcessAss2\Debug\link.7620-rc.write.1.tlog
C:\Users\YrghiaGuru\Desktop\network\network\Client\ClientProcessAss2\Debug\link.7620.read.1.tlog
C:\Users\YrghiaGuru\Desktop\network\network\Client\ClientProcessAss2\Debug\link.7620.write.1.tlog
C:\Users\YrghiaGuru\Desktop\network\network\Client\ClientProcessAss2\Debug\link.command.1.tlog
C:\Users\YrghiaGuru\Desktop\network\network\Client\ClientProcessAss2\Debug\link.read.1.tlog
C:\Users\YrghiaGuru\Desktop\network\network\Client\ClientProcessAss2\Debug\link.write.1.tlog
C:\Users\YrghiaGuru\Desktop\network\network\Client\ClientProcessAss2\Debug\vc110.idb
C:\Users\YrghiaGuru\Desktop\network\network\Client\ClientProcessAss2\Debug\vc110.pdb
C:\Users\YrghiaGuru\Desktop\network\network\Client\Debug\ClientSide.pdb
C:\Users\YrghiaGuru\Desktop\network\network\Client\Debug\ClientSide.exe
C:\Users\YrghiaGuru\Desktop\network\network\Client\Debug\ClientSide.ilk
