C:\USERS\YRGHIAGURU\DESKTOP\NETWORK\NETWORK\SERVERPROCESSASS2\SERVERPROCESSASS2\DEBUG\SERVERPROCESSASS2.PCH
C:\USERS\YRGHIAGURU\DESKTOP\NETWORK\NETWORK\SERVERPROCESSASS2\SERVERPROCESSASS2\DEBUG\STDAFX.OBJ
C:\USERS\YRGHIAGURU\DESKTOP\NETWORK\NETWORK\SERVERPROCESSASS2\SERVERPROCESSASS2\DEBUG\VC110.PDB
C:\USERS\YRGHIAGURU\DESKTOP\NETWORK\NETWORK\SERVERPROCESSASS2\SERVERPROCESSASS2\DEBUG\SERVER.OBJ
C:\USERS\YRGHIAGURU\DESKTOP\NETWORK\NETWORK\SERVERPROCESSASS2\SERVERPROCESSASS2\DEBUG\SERVERPROCESSASS2.OBJ
C:\USERS\YRGHIAGURU\DESKTOP\NETWORK\NETWORK\SERVERPROCESSASS2\DEBUG\SERVERPROCESSASS2.ILK
C:\USERS\YRGHIAGURU\DESKTOP\NETWORK\NETWORK\SERVERPROCESSASS2\DEBUG\SERVERPROCESSASS2.EXE
C:\USERS\YRGHIAGURU\DESKTOP\NETWORK\NETWORK\SERVERPROCESSASS2\DEBUG\SERVERPROCESSASS2.PDB
C:\Users\YrghiaGuru\Desktop\network\network\ServerProcessAss2\ServerProcessAss2\Debug\Server.obj
C:\Users\YrghiaGuru\Desktop\network\network\ServerProcessAss2\ServerProcessAss2\Debug\ServerProcessAss2.obj
C:\Users\YrghiaGuru\Desktop\network\network\ServerProcessAss2\ServerProcessAss2\Debug\stdafx.obj
C:\Users\YrghiaGuru\Desktop\network\network\ServerProcessAss2\ServerProcessAss2\Debug\cl.command.1.tlog
C:\Users\YrghiaGuru\Desktop\network\network\ServerProcessAss2\ServerProcessAss2\Debug\CL.read.1.tlog
C:\Users\YrghiaGuru\Desktop\network\network\ServerProcessAss2\ServerProcessAss2\Debug\CL.write.1.tlog
C:\Users\YrghiaGuru\Desktop\network\network\ServerProcessAss2\ServerProcessAss2\Debug\link-cvtres.read.1.tlog
C:\Users\YrghiaGuru\Desktop\network\network\ServerProcessAss2\ServerProcessAss2\Debug\link-cvtres.write.1.tlog
C:\Users\YrghiaGuru\Desktop\network\network\ServerProcessAss2\ServerProcessAss2\Debug\link-rc.read.1.tlog
C:\Users\YrghiaGuru\Desktop\network\network\ServerProcessAss2\ServerProcessAss2\Debug\link-rc.write.1.tlog
C:\Users\YrghiaGuru\Desktop\network\network\ServerProcessAss2\ServerProcessAss2\Debug\link.3872-cvtres.read.1.tlog
C:\Users\YrghiaGuru\Desktop\network\network\ServerProcessAss2\ServerProcessAss2\Debug\link.3872-cvtres.write.1.tlog
C:\Users\YrghiaGuru\Desktop\network\network\ServerProcessAss2\ServerProcessAss2\Debug\link.3872-rc.read.1.tlog
C:\Users\YrghiaGuru\Desktop\network\network\ServerProcessAss2\ServerProcessAss2\Debug\link.3872-rc.write.1.tlog
C:\Users\YrghiaGuru\Desktop\network\network\ServerProcessAss2\ServerProcessAss2\Debug\link.3872.read.1.tlog
C:\Users\YrghiaGuru\Desktop\network\network\ServerProcessAss2\ServerProcessAss2\Debug\link.3872.write.1.tlog
C:\Users\YrghiaGuru\Desktop\network\network\ServerProcessAss2\ServerProcessAss2\Debug\link.command.1.tlog
C:\Users\YrghiaGuru\Desktop\network\network\ServerProcessAss2\ServerProcessAss2\Debug\link.read.1.tlog
C:\Users\YrghiaGuru\Desktop\network\network\ServerProcessAss2\ServerProcessAss2\Debug\link.write.1.tlog
C:\Users\YrghiaGuru\Desktop\network\network\ServerProcessAss2\ServerProcessAss2\Debug\ServerProcessAss2.pch
C:\Users\YrghiaGuru\Desktop\network\network\ServerProcessAss2\ServerProcessAss2\Debug\vc110.idb
C:\Users\YrghiaGuru\Desktop\network\network\ServerProcessAss2\ServerProcessAss2\Debug\vc110.pdb
C:\Users\YrghiaGuru\Desktop\network\network\ServerProcessAss2\Debug\ServerProcessAss2.pdb
C:\Users\YrghiaGuru\Desktop\network\network\ServerProcessAss2\Debug\ServerProcessAss2.exe
C:\Users\YrghiaGuru\Desktop\network\network\ServerProcessAss2\Debug\ServerProcessAss2.ilk
