C:\USERS\YRGHIAGURU\DESKTOP\NETWORK\NETWORK\SERVER\SERVERPROCESSASS2\DEBUG\SERVER.OBJ
C:\USERS\YRGHIAGURU\DESKTOP\NETWORK\NETWORK\SERVER\SERVERPROCESSASS2\DEBUG\SERVERAPP.OBJ
C:\USERS\YRGHIAGURU\DESKTOP\NETWORK\NETWORK\SERVER\SERVERPROCESSASS2\DEBUG\VC110.PDB
C:\USERS\YRGHIAGURU\DESKTOP\NETWORK\NETWORK\SERVER\DEBUG\SERVERSIDE.ILK
C:\USERS\YRGHIAGURU\DESKTOP\NETWORK\NETWORK\SERVER\DEBUG\SERVERSIDE.EXE
C:\USERS\YRGHIAGURU\DESKTOP\NETWORK\NETWORK\SERVER\DEBUG\SERVERSIDE.PDB
C:\Users\YrghiaGuru\Desktop\network\network\Server\ServerProcessAss2\Debug\Server.obj
C:\Users\YrghiaGuru\Desktop\network\network\Server\ServerProcessAss2\Debug\ServerApp.obj
C:\Users\YrghiaGuru\Desktop\network\network\Server\ServerProcessAss2\Debug\cl.command.1.tlog
C:\Users\YrghiaGuru\Desktop\network\network\Server\ServerProcessAss2\Debug\CL.read.1.tlog
C:\Users\YrghiaGuru\Desktop\network\network\Server\ServerProcessAss2\Debug\CL.write.1.tlog
C:\Users\YrghiaGuru\Desktop\network\network\Server\ServerProcessAss2\Debug\link-cvtres.read.1.tlog
C:\Users\YrghiaGuru\Desktop\network\network\Server\ServerProcessAss2\Debug\link-cvtres.write.1.tlog
C:\Users\YrghiaGuru\Desktop\network\network\Server\ServerProcessAss2\Debug\link-rc.read.1.tlog
C:\Users\YrghiaGuru\Desktop\network\network\Server\ServerProcessAss2\Debug\link-rc.write.1.tlog
C:\Users\YrghiaGuru\Desktop\network\network\Server\ServerProcessAss2\Debug\link.3840-cvtres.read.1.tlog
C:\Users\YrghiaGuru\Desktop\network\network\Server\ServerProcessAss2\Debug\link.3840-cvtres.write.1.tlog
C:\Users\YrghiaGuru\Desktop\network\network\Server\ServerProcessAss2\Debug\link.3840-rc.read.1.tlog
C:\Users\YrghiaGuru\Desktop\network\network\Server\ServerProcessAss2\Debug\link.3840-rc.write.1.tlog
C:\Users\YrghiaGuru\Desktop\network\network\Server\ServerProcessAss2\Debug\link.3840.read.1.tlog
C:\Users\YrghiaGuru\Desktop\network\network\Server\ServerProcessAss2\Debug\link.3840.write.1.tlog
C:\Users\YrghiaGuru\Desktop\network\network\Server\ServerProcessAss2\Debug\link.4344-cvtres.read.1.tlog
C:\Users\YrghiaGuru\Desktop\network\network\Server\ServerProcessAss2\Debug\link.4344-cvtres.write.1.tlog
C:\Users\YrghiaGuru\Desktop\network\network\Server\ServerProcessAss2\Debug\link.4344-rc.read.1.tlog
C:\Users\YrghiaGuru\Desktop\network\network\Server\ServerProcessAss2\Debug\link.4344-rc.write.1.tlog
C:\Users\YrghiaGuru\Desktop\network\network\Server\ServerProcessAss2\Debug\link.4344.read.1.tlog
C:\Users\YrghiaGuru\Desktop\network\network\Server\ServerProcessAss2\Debug\link.4344.write.1.tlog
C:\Users\YrghiaGuru\Desktop\network\network\Server\ServerProcessAss2\Debug\link.command.1.tlog
C:\Users\YrghiaGuru\Desktop\network\network\Server\ServerProcessAss2\Debug\link.read.1.tlog
C:\Users\YrghiaGuru\Desktop\network\network\Server\ServerProcessAss2\Debug\link.write.1.tlog
C:\Users\YrghiaGuru\Desktop\network\network\Server\ServerProcessAss2\Debug\vc110.idb
C:\Users\YrghiaGuru\Desktop\network\network\Server\ServerProcessAss2\Debug\vc110.pdb
C:\Users\YrghiaGuru\Desktop\network\network\Server\Debug\ServerSide.pdb
C:\Users\YrghiaGuru\Desktop\network\network\Server\Debug\ServerSide.exe
C:\Users\YrghiaGuru\Desktop\network\network\Server\Debug\ServerSide.ilk
